{"@timestamp":"2022-05-10T19:44:03.251+05:30","@version":"1","message":"Login","logger_name":"com.spe.backend.controller.UserController","thread_name":"http-nio-9090-exec-2","level":"INFO","level_value":20000}
{"@timestamp":"2022-05-10T19:44:03.368+05:30","@version":"1","message":"get profile by userid","logger_name":"com.spe.backend.controller.ProfileController","thread_name":"http-nio-9090-exec-4","level":"INFO","level_value":20000}
{"@timestamp":"2022-05-10T19:44:24.890+05:30","@version":"1","message":"get all proejcts of a user","logger_name":"com.spe.backend.controller.ProjectController","thread_name":"http-nio-9090-exec-6","level":"INFO","level_value":20000}
{"@timestamp":"2022-05-10T19:44:27.206+05:30","@version":"1","message":"get all posts by user id","logger_name":"com.spe.backend.controller.PostController","thread_name":"http-nio-9090-exec-7","level":"INFO","level_value":20000}
{"@timestamp":"2022-05-10T19:44:33.259+05:30","@version":"1","message":"add interested profile to a post","logger_name":"com.spe.backend.controller.PostController","thread_name":"http-nio-9090-exec-10","level":"INFO","level_value":20000}
{"@timestamp":"2022-05-10T19:44:34.470+05:30","@version":"1","message":"add interested profile to a post","logger_name":"com.spe.backend.controller.PostController","thread_name":"http-nio-9090-exec-2","level":"INFO","level_value":20000}
{"@timestamp":"2022-05-10T19:44:37.402+05:30","@version":"1","message":"get all proejcts of a user","logger_name":"com.spe.backend.controller.ProjectController","thread_name":"http-nio-9090-exec-3","level":"INFO","level_value":20000}
{"@timestamp":"2022-05-10T19:44:47.738+05:30","@version":"1","message":"add a new project","logger_name":"com.spe.backend.controller.ProjectController","thread_name":"http-nio-9090-exec-5","level":"INFO","level_value":20000}
{"@timestamp":"2022-05-10T19:44:48.276+05:30","@version":"1","message":"get all proejcts of a user","logger_name":"com.spe.backend.controller.ProjectController","thread_name":"http-nio-9090-exec-6","level":"INFO","level_value":20000}
{"@timestamp":"2022-05-10T19:44:58.507+05:30","@version":"1","message":"add a new project","logger_name":"com.spe.backend.controller.ProjectController","thread_name":"http-nio-9090-exec-7","level":"INFO","level_value":20000}
{"@timestamp":"2022-05-10T19:44:59.003+05:30","@version":"1","message":"get all proejcts of a user","logger_name":"com.spe.backend.controller.ProjectController","thread_name":"http-nio-9090-exec-8","level":"INFO","level_value":20000}
{"@timestamp":"2022-05-10T19:45:17.060+05:30","@version":"1","message":"add a new project","logger_name":"com.spe.backend.controller.ProjectController","thread_name":"http-nio-9090-exec-9","level":"INFO","level_value":20000}
{"@timestamp":"2022-05-10T19:45:17.565+05:30","@version":"1","message":"get all proejcts of a user","logger_name":"com.spe.backend.controller.ProjectController","thread_name":"http-nio-9090-exec-10","level":"INFO","level_value":20000}
{"@timestamp":"2022-05-10T19:45:27.402+05:30","@version":"1","message":"add a new project","logger_name":"com.spe.backend.controller.ProjectController","thread_name":"http-nio-9090-exec-1","level":"INFO","level_value":20000}
{"@timestamp":"2022-05-10T19:45:27.903+05:30","@version":"1","message":"get all proejcts of a user","logger_name":"com.spe.backend.controller.ProjectController","thread_name":"http-nio-9090-exec-2","level":"INFO","level_value":20000}
{"@timestamp":"2022-05-10T19:45:31.799+05:30","@version":"1","message":"get all posts by user id","logger_name":"com.spe.backend.controller.PostController","thread_name":"http-nio-9090-exec-3","level":"INFO","level_value":20000}
{"@timestamp":"2022-05-10T19:45:36.649+05:30","@version":"1","message":"add a new post","logger_name":"com.spe.backend.controller.PostController","thread_name":"http-nio-9090-exec-4","level":"INFO","level_value":20000}
{"@timestamp":"2022-05-10T19:45:37.098+05:30","@version":"1","message":"get all posts by user id","logger_name":"com.spe.backend.controller.PostController","thread_name":"http-nio-9090-exec-5","level":"INFO","level_value":20000}
{"@timestamp":"2022-05-10T19:45:47.941+05:30","@version":"1","message":"add a new post","logger_name":"com.spe.backend.controller.PostController","thread_name":"http-nio-9090-exec-6","level":"INFO","level_value":20000}
{"@timestamp":"2022-05-10T19:45:48.438+05:30","@version":"1","message":"get all posts by user id","logger_name":"com.spe.backend.controller.PostController","thread_name":"http-nio-9090-exec-7","level":"INFO","level_value":20000}
{"@timestamp":"2022-05-10T19:45:59.030+05:30","@version":"1","message":"add a new post","logger_name":"com.spe.backend.controller.PostController","thread_name":"http-nio-9090-exec-8","level":"INFO","level_value":20000}
{"@timestamp":"2022-05-10T19:45:59.485+05:30","@version":"1","message":"get all posts by user id","logger_name":"com.spe.backend.controller.PostController","thread_name":"http-nio-9090-exec-9","level":"INFO","level_value":20000}
{"@timestamp":"2022-05-11T00:31:29.057+05:30","@version":"1","message":"Sign Up new user","logger_name":"com.spe.backend.controller.UserController","thread_name":"http-nio-9090-exec-8","level":"INFO","level_value":20000}
{"@timestamp":"2022-05-11T00:32:38.858+05:30","@version":"1","message":"Sign Up new user","logger_name":"com.spe.backend.controller.UserController","thread_name":"http-nio-9090-exec-2","level":"INFO","level_value":20000}
{"@timestamp":"2022-05-11T00:34:17.414+05:30","@version":"1","message":"Sign Up new user","logger_name":"com.spe.backend.controller.UserController","thread_name":"http-nio-9090-exec-1","level":"INFO","level_value":20000}
{"@timestamp":"2022-05-11T00:36:28.055+05:30","@version":"1","message":"Sign Up new user","logger_name":"com.spe.backend.controller.UserController","thread_name":"http-nio-9090-exec-2","level":"INFO","level_value":20000}
{"@timestamp":"2022-05-11T00:37:04.802+05:30","@version":"1","message":"Sign Up new user","logger_name":"com.spe.backend.controller.UserController","thread_name":"http-nio-9090-exec-2","level":"INFO","level_value":20000}
{"@timestamp":"2022-05-11T00:37:34.875+05:30","@version":"1","message":"Sign Up new user","logger_name":"com.spe.backend.controller.UserController","thread_name":"http-nio-9090-exec-1","level":"INFO","level_value":20000}
{"@timestamp":"2022-05-11T00:38:46.464+05:30","@version":"1","message":"Sign Up new user","logger_name":"com.spe.backend.controller.UserController","thread_name":"http-nio-9090-exec-2","level":"INFO","level_value":20000}
{"@timestamp":"2022-05-11T00:44:01.618+05:30","@version":"1","message":"Sign Up new user","logger_name":"com.spe.backend.controller.UserController","thread_name":"http-nio-9090-exec-2","level":"INFO","level_value":20000}
{"@timestamp":"2022-05-11T01:24:16.361+05:30","@version":"1","message":"Sign Up new user","logger_name":"com.spe.backend.controller.UserController","thread_name":"http-nio-9090-exec-1","level":"INFO","level_value":20000}
{"@timestamp":"2022-05-11T01:27:56.675+05:30","@version":"1","message":"add a new profile","logger_name":"com.spe.backend.controller.ProfileController","thread_name":"http-nio-9090-exec-4","level":"INFO","level_value":20000}
{"@timestamp":"2022-05-11T01:28:33.275+05:30","@version":"1","message":"add a new profile","logger_name":"com.spe.backend.controller.ProfileController","thread_name":"http-nio-9090-exec-7","level":"INFO","level_value":20000}
{"@timestamp":"2022-05-11T01:29:22.884+05:30","@version":"1","message":"Sign Up new user","logger_name":"com.spe.backend.controller.UserController","thread_name":"http-nio-9090-exec-8","level":"INFO","level_value":20000}
{"@timestamp":"2022-05-11T02:04:03.238+05:30","@version":"1","message":"add a new profile","logger_name":"com.spe.backend.controller.ProfileController","thread_name":"http-nio-9090-exec-1","level":"INFO","level_value":20000}
{"@timestamp":"2022-05-11T11:36:43.393+05:30","@version":"1","message":"Sign Up new user","logger_name":"com.spe.backend.controller.UserController","thread_name":"http-nio-9090-exec-1","level":"INFO","level_value":20000}
{"@timestamp":"2022-05-11T11:41:11.160+05:30","@version":"1","message":"Sign Up new user","logger_name":"com.spe.backend.controller.UserController","thread_name":"http-nio-9090-exec-4","level":"INFO","level_value":20000}
{"@timestamp":"2022-05-11T11:45:27.557+05:30","@version":"1","message":"Sign Up new user","logger_name":"com.spe.backend.controller.UserController","thread_name":"http-nio-9090-exec-1","level":"INFO","level_value":20000}
{"@timestamp":"2022-05-11T12:30:37.801+05:30","@version":"1","message":"add a new profile","logger_name":"com.spe.backend.controller.ProfileController","thread_name":"http-nio-9090-exec-5","level":"INFO","level_value":20000}
{"@timestamp":"2022-05-11T12:31:56.579+05:30","@version":"1","message":"add a new project","logger_name":"com.spe.backend.controller.ProjectController","thread_name":"http-nio-9090-exec-8","level":"INFO","level_value":20000}
{"@timestamp":"2022-05-11T12:35:32.703+05:30","@version":"1","message":"add a new project","logger_name":"com.spe.backend.controller.ProjectController","thread_name":"http-nio-9090-exec-3","level":"INFO","level_value":20000}
{"@timestamp":"2022-05-11T12:41:10.268+05:30","@version":"1","message":"update a project","logger_name":"com.spe.backend.controller.ProjectController","thread_name":"http-nio-9090-exec-3","level":"INFO","level_value":20000}
{"@timestamp":"2022-05-11T12:43:55.032+05:30","@version":"1","message":"delete a project","logger_name":"com.spe.backend.controller.ProjectController","thread_name":"http-nio-9090-exec-7","level":"INFO","level_value":20000}
{"@timestamp":"2022-05-11T12:45:02.882+05:30","@version":"1","message":"Sign Up new user","logger_name":"com.spe.backend.controller.UserController","thread_name":"http-nio-9090-exec-9","level":"INFO","level_value":20000}
{"@timestamp":"2022-05-11T12:47:35.070+05:30","@version":"1","message":"add a new profile","logger_name":"com.spe.backend.controller.ProfileController","thread_name":"http-nio-9090-exec-8","level":"INFO","level_value":20000}
{"@timestamp":"2022-05-11T12:48:03.214+05:30","@version":"1","message":"add a new project","logger_name":"com.spe.backend.controller.ProjectController","thread_name":"http-nio-9090-exec-9","level":"INFO","level_value":20000}
{"@timestamp":"2022-05-11T13:00:17.654+05:30","@version":"1","message":"add a new post","logger_name":"com.spe.backend.controller.PostController","thread_name":"http-nio-9090-exec-2","level":"INFO","level_value":20000}
{"@timestamp":"2022-05-11T13:03:58.507+05:30","@version":"1","message":"update a post","logger_name":"com.spe.backend.controller.PostController","thread_name":"http-nio-9090-exec-2","level":"INFO","level_value":20000}
{"@timestamp":"2022-05-11T13:14:15.341+05:30","@version":"1","message":"add a new post","logger_name":"com.spe.backend.controller.PostController","thread_name":"http-nio-9090-exec-1","level":"INFO","level_value":20000}
{"@timestamp":"2022-05-11T13:15:53.542+05:30","@version":"1","message":"update a post","logger_name":"com.spe.backend.controller.PostController","thread_name":"http-nio-9090-exec-7","level":"INFO","level_value":20000}
{"@timestamp":"2022-05-11T13:16:34.436+05:30","@version":"1","message":"delete a post","logger_name":"com.spe.backend.controller.PostController","thread_name":"http-nio-9090-exec-10","level":"INFO","level_value":20000}
{"@timestamp":"2022-05-11T13:50:07.553+05:30","@version":"1","message":"get public profile by username","logger_name":"com.spe.backend.controller.ProfileController","thread_name":"http-nio-9090-exec-3","level":"INFO","level_value":20000}
